{"level":"info","message":"exports.getPendingAccountList we have accounts ","timestamp":"2013-01-26T07:37:20.841Z"}
{"level":"info","message":"exports.getPendingAccountList we have accounts ","timestamp":"2013-03-01T05:53:20.013Z"}
{"level":"info","message":"exports.getPendingAccountList we have accounts ","timestamp":"2013-03-01T05:53:29.480Z"}
{"level":"info","message":"exports.getPendingAccountList we have accounts ","timestamp":"2013-03-01T06:11:23.251Z"}
{"level":"info","message":"exports.getPendingAccountList we have accounts ","timestamp":"2013-03-01T06:40:42.900Z"}
{"level":"info","message":"exports.getPendingAccountList we have accounts ","timestamp":"2013-03-01T06:41:37.801Z"}
{"level":"info","message":"exports.getPendingAccountList we have accounts ","timestamp":"2013-03-01T06:50:56.389Z"}
{"level":"info","message":"exports.getPendingAccountList we have accounts ","timestamp":"2013-03-01T07:04:59.535Z"}
{"level":"info","message":"POST RESPONSE","timestamp":"2013-03-01T07:04:59.539Z"}
{"level":"info","message":"exports.getPendingAccountList we have accounts ","timestamp":"2013-03-01T07:05:10.423Z"}
{"level":"info","message":"POST RESPONSE","timestamp":"2013-03-01T07:05:10.423Z"}
{"level":"info","message":"POST RESPONSE","timestamp":"2013-03-01T07:05:10.427Z"}
{"level":"info","message":"exports.getPendingAccountList we have accounts ","timestamp":"2013-03-01T07:13:34.758Z"}
{"level":"info","message":"exports.getPendingAccountList we have accounts ","timestamp":"2013-03-01T07:13:41.588Z"}
{"level":"info","message":"exports.getPendingAccountList we have accounts ","timestamp":"2013-03-01T07:17:50.182Z"}
{"level":"info","message":"exports.getPendingAccountList we have accounts ","timestamp":"2013-03-01T07:17:59.955Z"}
{"level":"info","message":"exports.getPendingAccountList we have accounts ","timestamp":"2013-03-01T07:17:59.965Z"}
{"level":"info","message":"exports.getPendingAccountList we have accounts ","timestamp":"2013-03-01T07:18:05.225Z"}
{"level":"info","message":"exports.getPendingAccountList we have accounts ","timestamp":"2013-03-01T07:18:05.227Z"}
{"level":"info","message":"exports.getPendingAccountList we have accounts ","timestamp":"2013-03-01T07:18:05.228Z"}
{"level":"info","message":"exports.getPendingAccountList we have accounts ","timestamp":"2013-03-01T07:18:06.704Z"}
{"level":"info","message":"exports.getPendingAccountList we have accounts ","timestamp":"2013-03-01T07:23:05.432Z"}
{"level":"info","message":"exports.getPendingAccountList we have accounts ","timestamp":"2013-03-01T07:23:06.860Z"}
{"level":"info","message":"exports.getPendingAccountList we have accounts ","timestamp":"2013-03-01T07:23:07.507Z"}
{"level":"info","message":"exports.getPendingAccountList we have accounts ","timestamp":"2013-03-01T07:23:08.018Z"}
{"level":"info","message":"exports.getPendingAccountList we have accounts ","timestamp":"2013-03-01T07:23:08.304Z"}
{"level":"info","message":"exports.getPendingAccountList we have accounts ","timestamp":"2013-03-01T07:23:08.553Z"}
{"level":"info","message":"exports.getPendingAccountList we have accounts ","timestamp":"2013-03-01T07:23:08.778Z"}
{"level":"info","message":"exports.getPendingAccountList we have accounts ","timestamp":"2013-03-01T07:23:09.007Z"}
{"level":"info","message":"exports.getPendingAccountList we have accounts ","timestamp":"2013-03-01T07:23:09.234Z"}
{"level":"info","message":"exports.getPendingAccountList we have accounts ","timestamp":"2013-03-01T07:23:09.450Z"}
{"level":"info","message":"exports.getPendingAccountList we have accounts ","timestamp":"2013-03-01T07:23:09.698Z"}
{"level":"info","message":"exports.getPendingAccountList we have accounts ","timestamp":"2013-03-01T07:23:09.916Z"}
{"level":"info","message":"exports.getPendingAccountList we have accounts ","timestamp":"2013-03-01T07:23:10.175Z"}
{"level":"info","message":"exports.getPendingAccountList we have accounts ","timestamp":"2013-03-01T07:23:10.407Z"}
{"level":"info","message":"exports.getPendingAccountList we have accounts ","timestamp":"2013-03-01T07:23:18.307Z"}
{"level":"info","message":"exports.getPendingAccountList we have accounts ","timestamp":"2013-03-01T07:23:18.944Z"}
{"level":"info","message":"exports.getPendingAccountList we have accounts ","timestamp":"2013-03-01T07:23:19.270Z"}
{"level":"info","message":"exports.getPendingAccountList we have accounts ","timestamp":"2013-03-01T07:23:19.524Z"}
{"level":"info","message":"exports.getPendingAccountList we have accounts ","timestamp":"2013-03-01T07:24:49.782Z"}
{"level":"info","message":"exports.getPendingAccountList we have accounts ","timestamp":"2013-03-01T07:35:41.498Z"}
{"level":"info","message":"exports.getPendingAccountList we have accounts ","timestamp":"2013-03-01T07:36:38.545Z"}
{"level":"info","message":"exports.getPendingAccountList we have accounts ","timestamp":"2013-03-01T07:37:22.177Z"}
{"level":"info","message":"newObject: {\"userId\":\"5100e72519e0647720000001\",\"token\":\"xyasdf\",\"_id\":\"5100e72519e0647720000002\",\"__v\":0,\"created\":\"2013-01-24T07:47:49.424Z\"}","timestamp":"2013-03-01T07:38:59.559Z"}
{"level":"info","message":"newObject: {\"userId\":\"5100ef0504a87c4f21000001\",\"token\":\"function (){\\n\\tvar token = '';\\n\\tvar rndIndex;\\n\\tvar characters = ['a','b','c','d','e','f','g','h','i','j','k','l','m','n','o','p','q','r','s','t','u','v','w','x','y','z','0','1','2','3','4','5','6','7','8','9'];\\n\\tvar tokenLength = 8;\\n\\tfor (var i = 0;i < tokenLength;i++){\\n\\t\\trndIndex = Math.floor((Math.random()*36)+1);\\n\\t\\tif (rndIndex < 1){\\n\\t\\t\\trndIndex = 0;\\n\\t\\t}\\n\\t\\tconsole.log('random index: ' + rndIndex);\\n\\t\\ttoken += characters[rndIndex];\\n\\t}\\n\\tconsole.log('getToken: - ' + token);\\n\\treturn token;\\n}\",\"_id\":\"5100ef0504a87c4f21000002\",\"__v\":0,\"created\":\"2013-01-24T08:21:25.307Z\"}","timestamp":"2013-03-01T07:38:59.576Z"}
{"level":"info","message":"newObject: {\"userId\":\"5100ef5315228f6221000001\",\"token\":\"lto2evundefinedy\",\"_id\":\"5100ef5315228f6221000002\",\"__v\":0,\"created\":\"2013-01-24T08:22:43.374Z\"}","timestamp":"2013-03-01T07:38:59.576Z"}
{"level":"info","message":"newObject: {\"userId\":\"5100ef7e15228f6221000003\",\"token\":\"90yfundefined5jo\",\"_id\":\"5100ef7e15228f6221000004\",\"__v\":0,\"created\":\"2013-01-24T08:23:26.881Z\"}","timestamp":"2013-03-01T07:38:59.578Z"}
{"level":"info","message":"newObject: {\"userId\":\"5100ef8615228f6221000005\",\"token\":\"tj7x98bi\",\"_id\":\"5100ef8615228f6221000006\",\"__v\":0,\"created\":\"2013-01-24T08:23:34.695Z\"}","timestamp":"2013-03-01T07:38:59.578Z"}
{"level":"info","message":"newObject: {\"userId\":\"51021fbc15228f6221000007\",\"token\":\"3undefineddmwuqq\",\"_id\":\"51021fbc15228f6221000008\",\"__v\":0,\"created\":\"2013-01-25T06:01:32.668Z\"}","timestamp":"2013-03-01T07:38:59.581Z"}
{"level":"info","message":"newObject: {\"userId\":\"5107711b5fa820841a000001\",\"token\":\"vtf9skfr\",\"_id\":\"5107711c5fa820841a000002\",\"__v\":0,\"created\":\"2013-01-29T06:50:04.032Z\"}","timestamp":"2013-03-01T07:38:59.582Z"}
{"level":"info","message":"newObject: {\"userId\":\"510776515fa820841a000003\",\"token\":\"kmk4db2i\",\"_id\":\"510776515fa820841a000004\",\"__v\":0,\"created\":\"2013-01-29T07:12:17.766Z\"}","timestamp":"2013-03-01T07:38:59.583Z"}
{"level":"info","message":"exports.getPendingAccountList we have accounts ","timestamp":"2013-03-01T07:38:59.583Z"}
{"level":"info","message":"newObject: {\"userId\":\"5100e72519e0647720000001\",\"token\":\"xyasdf\",\"_id\":\"5100e72519e0647720000002\",\"__v\":0,\"created\":\"2013-01-24T07:47:49.424Z\",\"userName\":\"Sean Brookes\"}","timestamp":"2013-03-01T07:42:01.270Z"}
{"level":"info","message":"newObject: {\"userId\":\"5100ef0504a87c4f21000001\",\"token\":\"function (){\\n\\tvar token = '';\\n\\tvar rndIndex;\\n\\tvar characters = ['a','b','c','d','e','f','g','h','i','j','k','l','m','n','o','p','q','r','s','t','u','v','w','x','y','z','0','1','2','3','4','5','6','7','8','9'];\\n\\tvar tokenLength = 8;\\n\\tfor (var i = 0;i < tokenLength;i++){\\n\\t\\trndIndex = Math.floor((Math.random()*36)+1);\\n\\t\\tif (rndIndex < 1){\\n\\t\\t\\trndIndex = 0;\\n\\t\\t}\\n\\t\\tconsole.log('random index: ' + rndIndex);\\n\\t\\ttoken += characters[rndIndex];\\n\\t}\\n\\tconsole.log('getToken: - ' + token);\\n\\treturn token;\\n}\",\"_id\":\"5100ef0504a87c4f21000002\",\"__v\":0,\"created\":\"2013-01-24T08:21:25.307Z\",\"userName\":\"Sean Brookes\"}","timestamp":"2013-03-01T07:42:01.271Z"}
{"level":"info","message":"newObject: {\"userId\":\"5100ef5315228f6221000001\",\"token\":\"lto2evundefinedy\",\"_id\":\"5100ef5315228f6221000002\",\"__v\":0,\"created\":\"2013-01-24T08:22:43.374Z\",\"userName\":\"Sean Brookes\"}","timestamp":"2013-03-01T07:42:01.271Z"}
{"level":"info","message":"newObject: {\"userId\":\"5100ef7e15228f6221000003\",\"token\":\"90yfundefined5jo\",\"_id\":\"5100ef7e15228f6221000004\",\"__v\":0,\"created\":\"2013-01-24T08:23:26.881Z\",\"userName\":\"Sean Brookes\"}","timestamp":"2013-03-01T07:42:01.272Z"}
{"level":"info","message":"newObject: {\"userId\":\"5100ef8615228f6221000005\",\"token\":\"tj7x98bi\",\"_id\":\"5100ef8615228f6221000006\",\"__v\":0,\"created\":\"2013-01-24T08:23:34.695Z\",\"userName\":\"Sean Brookes\"}","timestamp":"2013-03-01T07:42:01.272Z"}
{"level":"info","message":"newObject: {\"userId\":\"51021fbc15228f6221000007\",\"token\":\"3undefineddmwuqq\",\"_id\":\"51021fbc15228f6221000008\",\"__v\":0,\"created\":\"2013-01-25T06:01:32.668Z\",\"userName\":\"Sean Brookes\"}","timestamp":"2013-03-01T07:42:01.272Z"}
{"level":"info","message":"newObject: {\"userId\":\"5107711b5fa820841a000001\",\"token\":\"vtf9skfr\",\"_id\":\"5107711c5fa820841a000002\",\"__v\":0,\"created\":\"2013-01-29T06:50:04.032Z\",\"userName\":\"Sean Brookes\"}","timestamp":"2013-03-01T07:42:01.272Z"}
{"level":"info","message":"newObject: {\"userId\":\"510776515fa820841a000003\",\"token\":\"kmk4db2i\",\"_id\":\"510776515fa820841a000004\",\"__v\":0,\"created\":\"2013-01-29T07:12:17.766Z\",\"userName\":\"Sean Brookes\"}","timestamp":"2013-03-01T07:42:01.273Z"}
{"level":"info","message":"exports.getPendingAccountList we have accounts ","timestamp":"2013-03-01T07:42:01.273Z"}
{"level":"info","message":"pendingU: {\"userId\":\"510776515fa820841a000003\",\"token\":\"kmk4db2i\",\"_id\":\"510776515fa820841a000004\",\"__v\":0,\"created\":\"2013-01-29T07:12:17.766Z\",\"userName\":\"sean@seanS.com\"}","timestamp":"2013-03-01T07:56:41.267Z"}
{"level":"info","message":"|  findOne      i: 8","timestamp":"2013-03-01T07:59:31.693Z"}
{"level":"info","message":"exports.getPendingAccountList we have accounts ","timestamp":"2013-03-01T07:59:31.695Z"}
{"level":"info","message":"|  findOne      i: 8","timestamp":"2013-03-01T07:59:31.698Z"}
{"level":"info","message":"pendingU: {\"userId\":\"510776515fa820841a000003\",\"token\":\"kmk4db2i\",\"_id\":\"510776515fa820841a000004\",\"__v\":0,\"created\":\"2013-01-29T07:12:17.766Z\",\"userName\":\"sean@seangt.com\"}","timestamp":"2013-03-01T07:59:31.714Z"}
{"level":"info","message":"exports.getPendingAccountList we have accounts ","timestamp":"2013-03-01T07:59:31.714Z"}
{"level":"info","message":"|  findOne      i: 8","timestamp":"2013-03-01T07:59:31.717Z"}
{"level":"info","message":"pendingU: {\"userId\":\"510776515fa820841a000003\",\"token\":\"kmk4db2i\",\"_id\":\"510776515fa820841a000004\",\"__v\":0,\"created\":\"2013-01-29T07:12:17.766Z\",\"userName\":\"sean@seangg.com\"}","timestamp":"2013-03-01T07:59:31.717Z"}
{"level":"info","message":"exports.getPendingAccountList we have accounts ","timestamp":"2013-03-01T07:59:31.717Z"}
{"level":"info","message":"|  findOne      i: 8","timestamp":"2013-03-01T07:59:31.718Z"}
{"level":"info","message":"pendingU: {\"userId\":\"510776515fa820841a000003\",\"token\":\"kmk4db2i\",\"_id\":\"510776515fa820841a000004\",\"__v\":0,\"created\":\"2013-01-29T07:12:17.766Z\",\"userName\":\"sean@seanS.com\"}","timestamp":"2013-03-01T07:59:31.719Z"}
{"level":"info","message":"exports.getPendingAccountList we have accounts ","timestamp":"2013-03-01T07:59:31.719Z"}
{"level":"info","message":"|  findOne      i: 8","timestamp":"2013-03-01T07:59:31.720Z"}
{"level":"info","message":"pendingU: {\"userId\":\"510776515fa820841a000003\",\"token\":\"kmk4db2i\",\"_id\":\"510776515fa820841a000004\",\"__v\":0,\"created\":\"2013-01-29T07:12:17.766Z\",\"userName\":\"adminsf1@beachair.ca\"}","timestamp":"2013-03-01T07:59:31.720Z"}
{"level":"info","message":"exports.getPendingAccountList we have accounts ","timestamp":"2013-03-01T07:59:31.720Z"}
{"level":"info","message":"|  findOne      i: 8","timestamp":"2013-03-01T07:59:31.724Z"}
{"level":"info","message":"pendingU: {\"userId\":\"510776515fa820841a000003\",\"token\":\"kmk4db2i\",\"_id\":\"510776515fa820841a000004\",\"__v\":0,\"created\":\"2013-01-29T07:12:17.766Z\",\"userName\":\"sean@seanG.com\"}","timestamp":"2013-03-01T07:59:31.724Z"}
{"level":"info","message":"exports.getPendingAccountList we have accounts ","timestamp":"2013-03-01T07:59:31.724Z"}
{"level":"info","message":"|  findOne      i: 8","timestamp":"2013-03-01T07:59:31.725Z"}
{"level":"info","message":"pendingU: {\"userId\":\"510776515fa820841a000003\",\"token\":\"kmk4db2i\",\"_id\":\"510776515fa820841a000004\",\"__v\":0,\"created\":\"2013-01-29T07:12:17.766Z\",\"userName\":\"seanbrookes@beachair.ca\"}","timestamp":"2013-03-01T07:59:31.725Z"}
{"level":"info","message":"exports.getPendingAccountList we have accounts ","timestamp":"2013-03-01T07:59:31.725Z"}
{"level":"info","message":"|  findOne      i: 8","timestamp":"2013-03-01T07:59:31.725Z"}
{"level":"info","message":"pendingU: {\"userId\":\"510776515fa820841a000003\",\"token\":\"kmk4db2i\",\"_id\":\"510776515fa820841a000004\",\"__v\":0,\"created\":\"2013-01-29T07:12:17.766Z\",\"userName\":\"sean@seanF.com\"}","timestamp":"2013-03-01T07:59:31.725Z"}
{"level":"info","message":"exports.getPendingAccountList we have accounts ","timestamp":"2013-03-01T07:59:31.726Z"}
{"level":"info","message":"|  findOne      i: 8","timestamp":"2013-03-01T16:06:01.517Z"}
{"level":"info","message":"|  findOne      i: 8","timestamp":"2013-03-01T16:06:01.535Z"}
{"level":"info","message":"pendingU: {\"userId\":\"510776515fa820841a000003\",\"token\":\"kmk4db2i\",\"_id\":\"510776515fa820841a000004\",\"__v\":0,\"created\":\"2013-01-29T07:12:17.766Z\",\"userName\":\"sean@seangt.com\"}","timestamp":"2013-03-01T16:06:01.536Z"}
{"level":"info","message":"|  findOne      i: 8","timestamp":"2013-03-01T16:06:01.537Z"}
{"level":"info","message":"pendingU: {\"userId\":\"510776515fa820841a000003\",\"token\":\"kmk4db2i\",\"_id\":\"510776515fa820841a000004\",\"__v\":0,\"created\":\"2013-01-29T07:12:17.766Z\",\"userName\":\"sean@seangg.com\"}","timestamp":"2013-03-01T16:06:01.537Z"}
{"level":"info","message":"|  findOne      i: 8","timestamp":"2013-03-01T16:06:01.537Z"}
{"level":"info","message":"pendingU: {\"userId\":\"510776515fa820841a000003\",\"token\":\"kmk4db2i\",\"_id\":\"510776515fa820841a000004\",\"__v\":0,\"created\":\"2013-01-29T07:12:17.766Z\",\"userName\":\"sean@seanS.com\"}","timestamp":"2013-03-01T16:06:01.538Z"}
{"level":"info","message":"|  findOne      i: 8","timestamp":"2013-03-01T16:06:01.539Z"}
{"level":"info","message":"pendingU: {\"userId\":\"510776515fa820841a000003\",\"token\":\"kmk4db2i\",\"_id\":\"510776515fa820841a000004\",\"__v\":0,\"created\":\"2013-01-29T07:12:17.766Z\",\"userName\":\"adminsf1@beachair.ca\"}","timestamp":"2013-03-01T16:06:01.539Z"}
{"level":"info","message":"|  findOne      i: 8","timestamp":"2013-03-01T16:06:01.539Z"}
{"level":"info","message":"pendingU: {\"userId\":\"510776515fa820841a000003\",\"token\":\"kmk4db2i\",\"_id\":\"510776515fa820841a000004\",\"__v\":0,\"created\":\"2013-01-29T07:12:17.766Z\",\"userName\":\"sean@seanG.com\"}","timestamp":"2013-03-01T16:06:01.539Z"}
{"level":"info","message":"|  findOne      i: 8","timestamp":"2013-03-01T16:06:01.540Z"}
{"level":"info","message":"pendingU: {\"userId\":\"510776515fa820841a000003\",\"token\":\"kmk4db2i\",\"_id\":\"510776515fa820841a000004\",\"__v\":0,\"created\":\"2013-01-29T07:12:17.766Z\",\"userName\":\"seanbrookes@beachair.ca\"}","timestamp":"2013-03-01T16:06:01.540Z"}
{"level":"info","message":"|  findOne      i: 8","timestamp":"2013-03-01T16:06:01.540Z"}
{"level":"info","message":"pendingU: {\"userId\":\"510776515fa820841a000003\",\"token\":\"kmk4db2i\",\"_id\":\"510776515fa820841a000004\",\"__v\":0,\"created\":\"2013-01-29T07:12:17.766Z\",\"userName\":\"sean@seanF.com\"}","timestamp":"2013-03-01T16:06:01.540Z"}
{"level":"info","message":"|  findOne      i: 8","timestamp":"2013-03-01T16:06:13.731Z"}
{"level":"info","message":"|  findOne      i: 8","timestamp":"2013-03-01T16:06:13.732Z"}
{"level":"info","message":"pendingU: {\"userId\":\"510776515fa820841a000003\",\"token\":\"kmk4db2i\",\"_id\":\"510776515fa820841a000004\",\"__v\":0,\"created\":\"2013-01-29T07:12:17.766Z\",\"userName\":\"sean@seangt.com\"}","timestamp":"2013-03-01T16:06:13.732Z"}
{"level":"info","message":"|  findOne      i: 8","timestamp":"2013-03-01T16:06:13.732Z"}
{"level":"info","message":"pendingU: {\"userId\":\"510776515fa820841a000003\",\"token\":\"kmk4db2i\",\"_id\":\"510776515fa820841a000004\",\"__v\":0,\"created\":\"2013-01-29T07:12:17.766Z\",\"userName\":\"sean@seangg.com\"}","timestamp":"2013-03-01T16:06:13.732Z"}
{"level":"info","message":"|  findOne      i: 8","timestamp":"2013-03-01T16:06:13.733Z"}
{"level":"info","message":"pendingU: {\"userId\":\"510776515fa820841a000003\",\"token\":\"kmk4db2i\",\"_id\":\"510776515fa820841a000004\",\"__v\":0,\"created\":\"2013-01-29T07:12:17.766Z\",\"userName\":\"sean@seanS.com\"}","timestamp":"2013-03-01T16:06:13.733Z"}
{"level":"info","message":"|  findOne      i: 8","timestamp":"2013-03-01T16:06:13.733Z"}
{"level":"info","message":"pendingU: {\"userId\":\"510776515fa820841a000003\",\"token\":\"kmk4db2i\",\"_id\":\"510776515fa820841a000004\",\"__v\":0,\"created\":\"2013-01-29T07:12:17.766Z\",\"userName\":\"adminsf1@beachair.ca\"}","timestamp":"2013-03-01T16:06:13.733Z"}
{"level":"info","message":"|  findOne      i: 8","timestamp":"2013-03-01T16:06:13.733Z"}
{"level":"info","message":"pendingU: {\"userId\":\"510776515fa820841a000003\",\"token\":\"kmk4db2i\",\"_id\":\"510776515fa820841a000004\",\"__v\":0,\"created\":\"2013-01-29T07:12:17.766Z\",\"userName\":\"sean@seanG.com\"}","timestamp":"2013-03-01T16:06:13.736Z"}
{"level":"info","message":"|  findOne      i: 8","timestamp":"2013-03-01T16:06:13.736Z"}
{"level":"info","message":"pendingU: {\"userId\":\"510776515fa820841a000003\",\"token\":\"kmk4db2i\",\"_id\":\"510776515fa820841a000004\",\"__v\":0,\"created\":\"2013-01-29T07:12:17.766Z\",\"userName\":\"seanbrookes@beachair.ca\"}","timestamp":"2013-03-01T16:06:13.736Z"}
{"level":"info","message":"|  findOne      i: 8","timestamp":"2013-03-01T16:06:13.737Z"}
{"level":"info","message":"pendingU: {\"userId\":\"510776515fa820841a000003\",\"token\":\"kmk4db2i\",\"_id\":\"510776515fa820841a000004\",\"__v\":0,\"created\":\"2013-01-29T07:12:17.766Z\",\"userName\":\"sean@seanF.com\"}","timestamp":"2013-03-01T16:06:13.737Z"}
{"level":"info","message":"|  findOne      i: 8","timestamp":"2013-03-01T16:08:13.728Z"}
{"level":"info","message":"|  findOne      i: 8","timestamp":"2013-03-01T16:08:13.730Z"}
{"level":"info","message":"pendingU: {\"userId\":\"510776515fa820841a000003\",\"token\":\"kmk4db2i\",\"_id\":\"510776515fa820841a000004\",\"__v\":0,\"created\":\"2013-01-29T07:12:17.766Z\",\"userName\":\"sean@seangt.com\"}","timestamp":"2013-03-01T16:08:13.730Z"}
{"level":"info","message":"|  findOne      i: 8","timestamp":"2013-03-01T16:08:13.731Z"}
{"level":"info","message":"pendingU: {\"userId\":\"510776515fa820841a000003\",\"token\":\"kmk4db2i\",\"_id\":\"510776515fa820841a000004\",\"__v\":0,\"created\":\"2013-01-29T07:12:17.766Z\",\"userName\":\"sean@seangg.com\"}","timestamp":"2013-03-01T16:08:13.731Z"}
{"level":"info","message":"|  findOne      i: 8","timestamp":"2013-03-01T16:08:13.732Z"}
{"level":"info","message":"pendingU: {\"userId\":\"510776515fa820841a000003\",\"token\":\"kmk4db2i\",\"_id\":\"510776515fa820841a000004\",\"__v\":0,\"created\":\"2013-01-29T07:12:17.766Z\",\"userName\":\"sean@seanS.com\"}","timestamp":"2013-03-01T16:08:13.735Z"}
{"level":"info","message":"|  findOne      i: 8","timestamp":"2013-03-01T16:08:13.735Z"}
{"level":"info","message":"pendingU: {\"userId\":\"510776515fa820841a000003\",\"token\":\"kmk4db2i\",\"_id\":\"510776515fa820841a000004\",\"__v\":0,\"created\":\"2013-01-29T07:12:17.766Z\",\"userName\":\"adminsf1@beachair.ca\"}","timestamp":"2013-03-01T16:08:13.735Z"}
{"level":"info","message":"|  findOne      i: 8","timestamp":"2013-03-01T16:08:13.736Z"}
{"level":"info","message":"pendingU: {\"userId\":\"510776515fa820841a000003\",\"token\":\"kmk4db2i\",\"_id\":\"510776515fa820841a000004\",\"__v\":0,\"created\":\"2013-01-29T07:12:17.766Z\",\"userName\":\"sean@seanG.com\"}","timestamp":"2013-03-01T16:08:13.736Z"}
{"level":"info","message":"|  findOne      i: 8","timestamp":"2013-03-01T16:08:13.736Z"}
{"level":"info","message":"pendingU: {\"userId\":\"510776515fa820841a000003\",\"token\":\"kmk4db2i\",\"_id\":\"510776515fa820841a000004\",\"__v\":0,\"created\":\"2013-01-29T07:12:17.766Z\",\"userName\":\"seanbrookes@beachair.ca\"}","timestamp":"2013-03-01T16:08:13.736Z"}
{"level":"info","message":"|  findOne      i: 8","timestamp":"2013-03-01T16:08:13.736Z"}
{"level":"info","message":"pendingU: {\"userId\":\"510776515fa820841a000003\",\"token\":\"kmk4db2i\",\"_id\":\"510776515fa820841a000004\",\"__v\":0,\"created\":\"2013-01-29T07:12:17.766Z\",\"userName\":\"sean@seanF.com\"}","timestamp":"2013-03-01T16:08:13.737Z"}
{"level":"info","message":"|  findOne      i: 8","timestamp":"2013-03-01T16:08:49.448Z"}
{"level":"info","message":"|  findOne      i: 8","timestamp":"2013-03-01T16:08:49.450Z"}
{"level":"info","message":"pendingU: {\"userId\":\"510776515fa820841a000003\",\"token\":\"kmk4db2i\",\"_id\":\"510776515fa820841a000004\",\"__v\":0,\"created\":\"2013-01-29T07:12:17.766Z\",\"userName\":\"sean@seangt.com\"}","timestamp":"2013-03-01T16:08:49.452Z"}
{"level":"info","message":"admin.addUserToResponseCollectionRequest","timestamp":"2013-03-01T16:08:49.452Z"}
{"level":"info","message":"|  findOne      i: 8","timestamp":"2013-03-01T16:08:49.453Z"}
{"level":"info","message":"pendingU: {\"userId\":\"510776515fa820841a000003\",\"token\":\"kmk4db2i\",\"_id\":\"510776515fa820841a000004\",\"__v\":0,\"created\":\"2013-01-29T07:12:17.766Z\",\"userName\":\"sean@seangg.com\"}","timestamp":"2013-03-01T16:08:49.454Z"}
{"level":"info","message":"admin.addUserToResponseCollectionRequest","timestamp":"2013-03-01T16:08:49.454Z"}
{"level":"info","message":"|  findOne      i: 8","timestamp":"2013-03-01T16:08:49.454Z"}
{"level":"info","message":"pendingU: {\"userId\":\"510776515fa820841a000003\",\"token\":\"kmk4db2i\",\"_id\":\"510776515fa820841a000004\",\"__v\":0,\"created\":\"2013-01-29T07:12:17.766Z\",\"userName\":\"sean@seanS.com\"}","timestamp":"2013-03-01T16:08:49.454Z"}
{"level":"info","message":"admin.addUserToResponseCollectionRequest","timestamp":"2013-03-01T16:08:49.455Z"}
{"level":"info","message":"|  findOne      i: 8","timestamp":"2013-03-01T16:08:49.455Z"}
{"level":"info","message":"pendingU: {\"userId\":\"510776515fa820841a000003\",\"token\":\"kmk4db2i\",\"_id\":\"510776515fa820841a000004\",\"__v\":0,\"created\":\"2013-01-29T07:12:17.766Z\",\"userName\":\"adminsf1@beachair.ca\"}","timestamp":"2013-03-01T16:08:49.455Z"}
{"level":"info","message":"admin.addUserToResponseCollectionRequest","timestamp":"2013-03-01T16:08:49.456Z"}
{"level":"info","message":"|  findOne      i: 8","timestamp":"2013-03-01T16:08:49.457Z"}
{"level":"info","message":"pendingU: {\"userId\":\"510776515fa820841a000003\",\"token\":\"kmk4db2i\",\"_id\":\"510776515fa820841a000004\",\"__v\":0,\"created\":\"2013-01-29T07:12:17.766Z\",\"userName\":\"sean@seanG.com\"}","timestamp":"2013-03-01T16:08:49.457Z"}
{"level":"info","message":"admin.addUserToResponseCollectionRequest","timestamp":"2013-03-01T16:08:49.457Z"}
{"level":"info","message":"|  findOne      i: 8","timestamp":"2013-03-01T16:08:49.457Z"}
{"level":"info","message":"pendingU: {\"userId\":\"510776515fa820841a000003\",\"token\":\"kmk4db2i\",\"_id\":\"510776515fa820841a000004\",\"__v\":0,\"created\":\"2013-01-29T07:12:17.766Z\",\"userName\":\"seanbrookes@beachair.ca\"}","timestamp":"2013-03-01T16:08:49.458Z"}
{"level":"info","message":"admin.addUserToResponseCollectionRequest","timestamp":"2013-03-01T16:08:49.458Z"}
{"level":"info","message":"|  findOne      i: 8","timestamp":"2013-03-01T16:08:49.458Z"}
{"level":"info","message":"pendingU: {\"userId\":\"510776515fa820841a000003\",\"token\":\"kmk4db2i\",\"_id\":\"510776515fa820841a000004\",\"__v\":0,\"created\":\"2013-01-29T07:12:17.766Z\",\"userName\":\"sean@seanF.com\"}","timestamp":"2013-03-01T16:08:49.458Z"}
{"level":"info","message":"admin.addUserToResponseCollectionRequest","timestamp":"2013-03-01T16:08:49.458Z"}
{"level":"info","message":"|  findOne      i: 8","timestamp":"2013-03-01T16:10:49.458Z"}
{"level":"info","message":"|  findOne      i: 8","timestamp":"2013-03-01T16:10:49.459Z"}
{"level":"info","message":"pendingU: {\"userId\":\"510776515fa820841a000003\",\"token\":\"kmk4db2i\",\"_id\":\"510776515fa820841a000004\",\"__v\":0,\"created\":\"2013-01-29T07:12:17.766Z\",\"userName\":\"sean@seangt.com\"}","timestamp":"2013-03-01T16:10:49.459Z"}
{"level":"info","message":"admin.addUserToResponseCollectionRequest","timestamp":"2013-03-01T16:10:49.459Z"}
{"level":"info","message":"|  findOne      i: 8","timestamp":"2013-03-01T16:10:49.460Z"}
{"level":"info","message":"pendingU: {\"userId\":\"510776515fa820841a000003\",\"token\":\"kmk4db2i\",\"_id\":\"510776515fa820841a000004\",\"__v\":0,\"created\":\"2013-01-29T07:12:17.766Z\",\"userName\":\"sean@seangg.com\"}","timestamp":"2013-03-01T16:10:49.460Z"}
{"level":"info","message":"admin.addUserToResponseCollectionRequest","timestamp":"2013-03-01T16:10:49.460Z"}
{"level":"info","message":"|  findOne      i: 8","timestamp":"2013-03-01T16:10:49.460Z"}
{"level":"info","message":"pendingU: {\"userId\":\"510776515fa820841a000003\",\"token\":\"kmk4db2i\",\"_id\":\"510776515fa820841a000004\",\"__v\":0,\"created\":\"2013-01-29T07:12:17.766Z\",\"userName\":\"sean@seanS.com\"}","timestamp":"2013-03-01T16:10:49.460Z"}
{"level":"info","message":"admin.addUserToResponseCollectionRequest","timestamp":"2013-03-01T16:10:49.460Z"}
{"level":"info","message":"|  findOne      i: 8","timestamp":"2013-03-01T16:10:49.461Z"}
{"level":"info","message":"pendingU: {\"userId\":\"510776515fa820841a000003\",\"token\":\"kmk4db2i\",\"_id\":\"510776515fa820841a000004\",\"__v\":0,\"created\":\"2013-01-29T07:12:17.766Z\",\"userName\":\"adminsf1@beachair.ca\"}","timestamp":"2013-03-01T16:10:49.463Z"}
{"level":"info","message":"admin.addUserToResponseCollectionRequest","timestamp":"2013-03-01T16:10:49.463Z"}
{"level":"info","message":"|  findOne      i: 8","timestamp":"2013-03-01T16:10:49.464Z"}
{"level":"info","message":"pendingU: {\"userId\":\"510776515fa820841a000003\",\"token\":\"kmk4db2i\",\"_id\":\"510776515fa820841a000004\",\"__v\":0,\"created\":\"2013-01-29T07:12:17.766Z\",\"userName\":\"sean@seanG.com\"}","timestamp":"2013-03-01T16:10:49.466Z"}
{"level":"info","message":"admin.addUserToResponseCollectionRequest","timestamp":"2013-03-01T16:10:49.466Z"}
{"level":"info","message":"|  findOne      i: 8","timestamp":"2013-03-01T16:10:49.466Z"}
{"level":"info","message":"pendingU: {\"userId\":\"510776515fa820841a000003\",\"token\":\"kmk4db2i\",\"_id\":\"510776515fa820841a000004\",\"__v\":0,\"created\":\"2013-01-29T07:12:17.766Z\",\"userName\":\"seanbrookes@beachair.ca\"}","timestamp":"2013-03-01T16:10:49.466Z"}
{"level":"info","message":"admin.addUserToResponseCollectionRequest","timestamp":"2013-03-01T16:10:49.466Z"}
{"level":"info","message":"|  findOne      i: 8","timestamp":"2013-03-01T16:10:49.466Z"}
{"level":"info","message":"pendingU: {\"userId\":\"510776515fa820841a000003\",\"token\":\"kmk4db2i\",\"_id\":\"510776515fa820841a000004\",\"__v\":0,\"created\":\"2013-01-29T07:12:17.766Z\",\"userName\":\"sean@seanF.com\"}","timestamp":"2013-03-01T16:10:49.466Z"}
{"level":"info","message":"admin.addUserToResponseCollectionRequest","timestamp":"2013-03-01T16:10:49.467Z"}
{"level":"info","message":"|  findOne      i: 8","timestamp":"2013-03-01T16:16:12.369Z"}
{"level":"info","message":"|  findOne      i: 8","timestamp":"2013-03-01T16:16:12.371Z"}
{"level":"info","message":"pendingU: {\"userId\":\"510776515fa820841a000003\",\"token\":\"kmk4db2i\",\"_id\":\"510776515fa820841a000004\",\"__v\":0,\"created\":\"2013-01-29T07:12:17.766Z\",\"userName\":\"sean@seangt.com\"}","timestamp":"2013-03-01T16:16:12.372Z"}
{"level":"info","message":"admin.addUserToResponseCollectionRequest","timestamp":"2013-03-01T16:16:12.372Z"}
{"level":"info","message":"admin.pendingUserListProcessComplete","timestamp":"2013-03-01T16:16:12.372Z"}
{"level":"info","message":"admin.sendPendingAccountsResponseRequest","timestamp":"2013-03-01T16:16:12.372Z"}
{"level":"info","message":"|  findOne      i: 8","timestamp":"2013-03-01T16:16:12.373Z"}
{"level":"info","message":"pendingU: {\"userId\":\"510776515fa820841a000003\",\"token\":\"kmk4db2i\",\"_id\":\"510776515fa820841a000004\",\"__v\":0,\"created\":\"2013-01-29T07:12:17.766Z\",\"userName\":\"sean@seangg.com\"}","timestamp":"2013-03-01T16:16:12.373Z"}
{"level":"info","message":"admin.addUserToResponseCollectionRequest","timestamp":"2013-03-01T16:16:12.373Z"}
{"level":"info","message":"admin.pendingUserListProcessComplete","timestamp":"2013-03-01T16:16:12.373Z"}
{"level":"info","message":"admin.sendPendingAccountsResponseRequest","timestamp":"2013-03-01T16:16:12.373Z"}
{"level":"info","message":"|  findOne      i: 8","timestamp":"2013-03-01T16:16:12.376Z"}
{"level":"info","message":"pendingU: {\"userId\":\"510776515fa820841a000003\",\"token\":\"kmk4db2i\",\"_id\":\"510776515fa820841a000004\",\"__v\":0,\"created\":\"2013-01-29T07:12:17.766Z\",\"userName\":\"sean@seanS.com\"}","timestamp":"2013-03-01T16:16:12.376Z"}
{"level":"info","message":"admin.addUserToResponseCollectionRequest","timestamp":"2013-03-01T16:16:12.377Z"}
{"level":"info","message":"admin.pendingUserListProcessComplete","timestamp":"2013-03-01T16:16:12.377Z"}
{"level":"info","message":"admin.sendPendingAccountsResponseRequest","timestamp":"2013-03-01T16:16:12.377Z"}
{"level":"info","message":"|  findOne      i: 8","timestamp":"2013-03-01T16:16:12.378Z"}
{"level":"info","message":"pendingU: {\"userId\":\"510776515fa820841a000003\",\"token\":\"kmk4db2i\",\"_id\":\"510776515fa820841a000004\",\"__v\":0,\"created\":\"2013-01-29T07:12:17.766Z\",\"userName\":\"adminsf1@beachair.ca\"}","timestamp":"2013-03-01T16:16:12.378Z"}
{"level":"info","message":"admin.addUserToResponseCollectionRequest","timestamp":"2013-03-01T16:16:12.378Z"}
{"level":"info","message":"admin.pendingUserListProcessComplete","timestamp":"2013-03-01T16:16:12.378Z"}
{"level":"info","message":"admin.sendPendingAccountsResponseRequest","timestamp":"2013-03-01T16:16:12.378Z"}
{"level":"info","message":"|  findOne      i: 8","timestamp":"2013-03-01T16:16:12.381Z"}
{"level":"info","message":"pendingU: {\"userId\":\"510776515fa820841a000003\",\"token\":\"kmk4db2i\",\"_id\":\"510776515fa820841a000004\",\"__v\":0,\"created\":\"2013-01-29T07:12:17.766Z\",\"userName\":\"sean@seanG.com\"}","timestamp":"2013-03-01T16:16:12.381Z"}
{"level":"info","message":"admin.addUserToResponseCollectionRequest","timestamp":"2013-03-01T16:16:12.381Z"}
{"level":"info","message":"admin.pendingUserListProcessComplete","timestamp":"2013-03-01T16:16:12.381Z"}
{"level":"info","message":"admin.sendPendingAccountsResponseRequest","timestamp":"2013-03-01T16:16:12.381Z"}
{"level":"info","message":"|  findOne      i: 8","timestamp":"2013-03-01T16:16:12.382Z"}
{"level":"info","message":"pendingU: {\"userId\":\"510776515fa820841a000003\",\"token\":\"kmk4db2i\",\"_id\":\"510776515fa820841a000004\",\"__v\":0,\"created\":\"2013-01-29T07:12:17.766Z\",\"userName\":\"seanbrookes@beachair.ca\"}","timestamp":"2013-03-01T16:16:12.382Z"}
{"level":"info","message":"admin.addUserToResponseCollectionRequest","timestamp":"2013-03-01T16:16:12.382Z"}
{"level":"info","message":"admin.pendingUserListProcessComplete","timestamp":"2013-03-01T16:16:12.382Z"}
{"level":"info","message":"admin.sendPendingAccountsResponseRequest","timestamp":"2013-03-01T16:16:12.385Z"}
{"level":"info","message":"|  findOne      i: 8","timestamp":"2013-03-01T16:16:12.386Z"}
{"level":"info","message":"pendingU: {\"userId\":\"510776515fa820841a000003\",\"token\":\"kmk4db2i\",\"_id\":\"510776515fa820841a000004\",\"__v\":0,\"created\":\"2013-01-29T07:12:17.766Z\",\"userName\":\"sean@seanF.com\"}","timestamp":"2013-03-01T16:16:12.386Z"}
{"level":"info","message":"admin.addUserToResponseCollectionRequest","timestamp":"2013-03-01T16:16:12.386Z"}
{"level":"info","message":"admin.pendingUserListProcessComplete","timestamp":"2013-03-01T16:16:12.386Z"}
{"level":"info","message":"admin.sendPendingAccountsResponseRequest","timestamp":"2013-03-01T16:16:12.386Z"}
{"level":"info","message":"admin.pendingUserCollectionCountInit","timestamp":"2013-03-01T16:31:24.036Z"}
{"level":"info","message":"|  findOne      i: 7","timestamp":"2013-03-01T16:31:24.041Z"}
{"level":"info","message":"admin.pendingUserCollectionCountInit","timestamp":"2013-03-01T16:33:24.038Z"}
{"level":"info","message":"|  findOne      i: 7","timestamp":"2013-03-01T16:33:24.046Z"}
{"level":"info","message":"|  findOne      i: 7","timestamp":"2013-03-01T16:33:24.047Z"}
{"level":"info","message":"pendingU: {\"userId\":\"510776515fa820841a000003\",\"token\":\"kmk4db2i\",\"_id\":\"510776515fa820841a000004\",\"__v\":0,\"created\":\"2013-01-29T07:12:17.766Z\",\"userName\":\"sean@seangt.com\"}","timestamp":"2013-03-01T16:33:24.047Z"}
{"level":"info","message":"admin.addUserToResponseCollectionRequest","timestamp":"2013-03-01T16:33:24.048Z"}
{"level":"info","message":"|  findOne      i: 7","timestamp":"2013-03-01T16:33:24.050Z"}
{"level":"info","message":"pendingU: {\"userId\":\"510776515fa820841a000003\",\"token\":\"kmk4db2i\",\"_id\":\"510776515fa820841a000004\",\"__v\":0,\"created\":\"2013-01-29T07:12:17.766Z\",\"userName\":\"sean@seangg.com\"}","timestamp":"2013-03-01T16:33:24.050Z"}
{"level":"info","message":"admin.addUserToResponseCollectionRequest","timestamp":"2013-03-01T16:33:24.050Z"}
{"level":"info","message":"|  findOne      i: 7","timestamp":"2013-03-01T16:33:24.051Z"}
{"level":"info","message":"pendingU: {\"userId\":\"510776515fa820841a000003\",\"token\":\"kmk4db2i\",\"_id\":\"510776515fa820841a000004\",\"__v\":0,\"created\":\"2013-01-29T07:12:17.766Z\",\"userName\":\"sean@seanS.com\"}","timestamp":"2013-03-01T16:33:24.051Z"}
{"level":"info","message":"admin.addUserToResponseCollectionRequest","timestamp":"2013-03-01T16:33:24.051Z"}
{"level":"info","message":"|  findOne      i: 7","timestamp":"2013-03-01T16:33:24.051Z"}
{"level":"info","message":"pendingU: {\"userId\":\"510776515fa820841a000003\",\"token\":\"kmk4db2i\",\"_id\":\"510776515fa820841a000004\",\"__v\":0,\"created\":\"2013-01-29T07:12:17.766Z\",\"userName\":\"adminsf1@beachair.ca\"}","timestamp":"2013-03-01T16:33:24.051Z"}
{"level":"info","message":"admin.addUserToResponseCollectionRequest","timestamp":"2013-03-01T16:33:24.051Z"}
{"level":"info","message":"|  findOne      i: 7","timestamp":"2013-03-01T16:33:24.052Z"}
{"level":"info","message":"pendingU: {\"userId\":\"510776515fa820841a000003\",\"token\":\"kmk4db2i\",\"_id\":\"510776515fa820841a000004\",\"__v\":0,\"created\":\"2013-01-29T07:12:17.766Z\",\"userName\":\"sean@seanG.com\"}","timestamp":"2013-03-01T16:33:24.054Z"}
{"level":"info","message":"admin.addUserToResponseCollectionRequest","timestamp":"2013-03-01T16:33:24.054Z"}
{"level":"info","message":"|  findOne      i: 7","timestamp":"2013-03-01T16:33:24.054Z"}
{"level":"info","message":"pendingU: {\"userId\":\"510776515fa820841a000003\",\"token\":\"kmk4db2i\",\"_id\":\"510776515fa820841a000004\",\"__v\":0,\"created\":\"2013-01-29T07:12:17.766Z\",\"userName\":\"seanbrookes@beachair.ca\"}","timestamp":"2013-03-01T16:33:24.054Z"}
{"level":"info","message":"admin.addUserToResponseCollectionRequest","timestamp":"2013-03-01T16:33:24.054Z"}
{"level":"info","message":"|  findOne      i: 7","timestamp":"2013-03-01T16:33:24.055Z"}
{"level":"info","message":"pendingU: {\"userId\":\"510776515fa820841a000003\",\"token\":\"kmk4db2i\",\"_id\":\"510776515fa820841a000004\",\"__v\":0,\"created\":\"2013-01-29T07:12:17.766Z\",\"userName\":\"sean@seanF.com\"}","timestamp":"2013-03-01T16:33:24.055Z"}
{"level":"info","message":"admin.addUserToResponseCollectionRequest","timestamp":"2013-03-01T16:33:24.055Z"}
{"level":"info","message":"admin.pendingUserCollectionCountInit","timestamp":"2013-03-02T00:54:12.548Z"}
{"level":"info","message":"|  findOne      i: 7","timestamp":"2013-03-02T00:54:12.555Z"}
{"level":"info","message":"admin.pendingUserCollectionCountInit","timestamp":"2013-03-02T00:54:25.344Z"}
{"level":"info","message":"|  findOne      i: 7","timestamp":"2013-03-02T00:54:25.351Z"}
{"level":"info","message":"|  findOne      i: 7","timestamp":"2013-03-02T00:54:25.354Z"}
{"level":"info","message":"pendingU: {\"userId\":\"510776515fa820841a000003\",\"token\":\"kmk4db2i\",\"_id\":\"510776515fa820841a000004\",\"__v\":0,\"created\":\"2013-01-29T07:12:17.766Z\",\"userName\":\"sean@seangt.com\"}","timestamp":"2013-03-02T00:54:25.356Z"}
{"level":"info","message":"admin.addUserToResponseCollectionRequest","timestamp":"2013-03-02T00:54:25.356Z"}
{"level":"info","message":"|  findOne      i: 7","timestamp":"2013-03-02T00:54:25.356Z"}
{"level":"info","message":"pendingU: {\"userId\":\"510776515fa820841a000003\",\"token\":\"kmk4db2i\",\"_id\":\"510776515fa820841a000004\",\"__v\":0,\"created\":\"2013-01-29T07:12:17.766Z\",\"userName\":\"sean@seangg.com\"}","timestamp":"2013-03-02T00:54:25.356Z"}
{"level":"info","message":"admin.addUserToResponseCollectionRequest","timestamp":"2013-03-02T00:54:25.356Z"}
{"level":"info","message":"|  findOne      i: 7","timestamp":"2013-03-02T00:54:25.357Z"}
{"level":"info","message":"pendingU: {\"userId\":\"510776515fa820841a000003\",\"token\":\"kmk4db2i\",\"_id\":\"510776515fa820841a000004\",\"__v\":0,\"created\":\"2013-01-29T07:12:17.766Z\",\"userName\":\"sean@seanS.com\"}","timestamp":"2013-03-02T00:54:25.357Z"}
{"level":"info","message":"admin.addUserToResponseCollectionRequest","timestamp":"2013-03-02T00:54:25.357Z"}
{"level":"info","message":"|  findOne      i: 7","timestamp":"2013-03-02T00:54:25.357Z"}
{"level":"info","message":"pendingU: {\"userId\":\"510776515fa820841a000003\",\"token\":\"kmk4db2i\",\"_id\":\"510776515fa820841a000004\",\"__v\":0,\"created\":\"2013-01-29T07:12:17.766Z\",\"userName\":\"adminsf1@beachair.ca\"}","timestamp":"2013-03-02T00:54:25.357Z"}
{"level":"info","message":"admin.addUserToResponseCollectionRequest","timestamp":"2013-03-02T00:54:25.358Z"}
{"level":"info","message":"|  findOne      i: 7","timestamp":"2013-03-02T00:54:25.358Z"}
{"level":"info","message":"pendingU: {\"userId\":\"510776515fa820841a000003\",\"token\":\"kmk4db2i\",\"_id\":\"510776515fa820841a000004\",\"__v\":0,\"created\":\"2013-01-29T07:12:17.766Z\",\"userName\":\"sean@seanG.com\"}","timestamp":"2013-03-02T00:54:25.358Z"}
{"level":"info","message":"admin.addUserToResponseCollectionRequest","timestamp":"2013-03-02T00:54:25.358Z"}
{"level":"info","message":"|  findOne      i: 7","timestamp":"2013-03-02T00:54:25.358Z"}
{"level":"info","message":"pendingU: {\"userId\":\"510776515fa820841a000003\",\"token\":\"kmk4db2i\",\"_id\":\"510776515fa820841a000004\",\"__v\":0,\"created\":\"2013-01-29T07:12:17.766Z\",\"userName\":\"seanbrookes@beachair.ca\"}","timestamp":"2013-03-02T00:54:25.358Z"}
{"level":"info","message":"admin.addUserToResponseCollectionRequest","timestamp":"2013-03-02T00:54:25.358Z"}
{"level":"info","message":"|  findOne      i: 7","timestamp":"2013-03-02T00:54:25.359Z"}
{"level":"info","message":"pendingU: {\"userId\":\"510776515fa820841a000003\",\"token\":\"kmk4db2i\",\"_id\":\"510776515fa820841a000004\",\"__v\":0,\"created\":\"2013-01-29T07:12:17.766Z\",\"userName\":\"sean@seanF.com\"}","timestamp":"2013-03-02T00:54:25.359Z"}
{"level":"info","message":"admin.addUserToResponseCollectionRequest","timestamp":"2013-03-02T00:54:25.359Z"}
{"level":"info","message":"admin.pendingUserCollectionCountInit","timestamp":"2013-03-02T00:56:12.530Z"}
{"level":"info","message":"|  findOne      i: 7","timestamp":"2013-03-02T00:56:12.535Z"}
{"level":"info","message":"|  findOne      i: 7","timestamp":"2013-03-02T00:56:12.536Z"}
{"level":"info","message":"pendingU: {\"userId\":\"510776515fa820841a000003\",\"token\":\"kmk4db2i\",\"_id\":\"510776515fa820841a000004\",\"__v\":0,\"created\":\"2013-01-29T07:12:17.766Z\",\"userName\":\"sean@seangt.com\"}","timestamp":"2013-03-02T00:56:12.536Z"}
{"level":"info","message":"admin.addUserToResponseCollectionRequest","timestamp":"2013-03-02T00:56:12.536Z"}
{"level":"info","message":"|  findOne      i: 7","timestamp":"2013-03-02T00:56:12.536Z"}
{"level":"info","message":"pendingU: {\"userId\":\"510776515fa820841a000003\",\"token\":\"kmk4db2i\",\"_id\":\"510776515fa820841a000004\",\"__v\":0,\"created\":\"2013-01-29T07:12:17.766Z\",\"userName\":\"sean@seangg.com\"}","timestamp":"2013-03-02T00:56:12.537Z"}
{"level":"info","message":"admin.addUserToResponseCollectionRequest","timestamp":"2013-03-02T00:56:12.537Z"}
{"level":"info","message":"|  findOne      i: 7","timestamp":"2013-03-02T00:56:12.538Z"}
{"level":"info","message":"pendingU: {\"userId\":\"510776515fa820841a000003\",\"token\":\"kmk4db2i\",\"_id\":\"510776515fa820841a000004\",\"__v\":0,\"created\":\"2013-01-29T07:12:17.766Z\",\"userName\":\"sean@seanS.com\"}","timestamp":"2013-03-02T00:56:12.538Z"}
{"level":"info","message":"admin.addUserToResponseCollectionRequest","timestamp":"2013-03-02T00:56:12.538Z"}
{"level":"info","message":"|  findOne      i: 7","timestamp":"2013-03-02T00:56:12.538Z"}
{"level":"info","message":"pendingU: {\"userId\":\"510776515fa820841a000003\",\"token\":\"kmk4db2i\",\"_id\":\"510776515fa820841a000004\",\"__v\":0,\"created\":\"2013-01-29T07:12:17.766Z\",\"userName\":\"adminsf1@beachair.ca\"}","timestamp":"2013-03-02T00:56:12.538Z"}
{"level":"info","message":"admin.addUserToResponseCollectionRequest","timestamp":"2013-03-02T00:56:12.538Z"}
{"level":"info","message":"|  findOne      i: 7","timestamp":"2013-03-02T00:56:12.539Z"}
{"level":"info","message":"pendingU: {\"userId\":\"510776515fa820841a000003\",\"token\":\"kmk4db2i\",\"_id\":\"510776515fa820841a000004\",\"__v\":0,\"created\":\"2013-01-29T07:12:17.766Z\",\"userName\":\"sean@seanG.com\"}","timestamp":"2013-03-02T00:56:12.539Z"}
{"level":"info","message":"admin.addUserToResponseCollectionRequest","timestamp":"2013-03-02T00:56:12.539Z"}
{"level":"info","message":"|  findOne      i: 7","timestamp":"2013-03-02T00:56:12.539Z"}
{"level":"info","message":"pendingU: {\"userId\":\"510776515fa820841a000003\",\"token\":\"kmk4db2i\",\"_id\":\"510776515fa820841a000004\",\"__v\":0,\"created\":\"2013-01-29T07:12:17.766Z\",\"userName\":\"seanbrookes@beachair.ca\"}","timestamp":"2013-03-02T00:56:12.539Z"}
{"level":"info","message":"admin.addUserToResponseCollectionRequest","timestamp":"2013-03-02T00:56:12.539Z"}
{"level":"info","message":"|  findOne      i: 7","timestamp":"2013-03-02T00:56:12.540Z"}
{"level":"info","message":"pendingU: {\"userId\":\"510776515fa820841a000003\",\"token\":\"kmk4db2i\",\"_id\":\"510776515fa820841a000004\",\"__v\":0,\"created\":\"2013-01-29T07:12:17.766Z\",\"userName\":\"sean@seanF.com\"}","timestamp":"2013-03-02T00:56:12.540Z"}
{"level":"info","message":"admin.addUserToResponseCollectionRequest","timestamp":"2013-03-02T00:56:12.540Z"}
{"level":"info","message":"admin.pendingUserCollectionCountInit","timestamp":"2013-03-02T00:56:25.350Z"}
{"level":"info","message":"|  findOne      i: 7","timestamp":"2013-03-02T00:56:25.355Z"}
{"level":"info","message":"|  findOne      i: 7","timestamp":"2013-03-02T00:56:25.355Z"}
{"level":"info","message":"pendingU: {\"userId\":\"510776515fa820841a000003\",\"token\":\"kmk4db2i\",\"_id\":\"510776515fa820841a000004\",\"__v\":0,\"created\":\"2013-01-29T07:12:17.766Z\",\"userName\":\"sean@seangt.com\"}","timestamp":"2013-03-02T00:56:25.355Z"}
{"level":"info","message":"admin.addUserToResponseCollectionRequest","timestamp":"2013-03-02T00:56:25.355Z"}
{"level":"info","message":"|  findOne      i: 7","timestamp":"2013-03-02T00:56:25.356Z"}
{"level":"info","message":"pendingU: {\"userId\":\"510776515fa820841a000003\",\"token\":\"kmk4db2i\",\"_id\":\"510776515fa820841a000004\",\"__v\":0,\"created\":\"2013-01-29T07:12:17.766Z\",\"userName\":\"sean@seangg.com\"}","timestamp":"2013-03-02T00:56:25.356Z"}
{"level":"info","message":"admin.addUserToResponseCollectionRequest","timestamp":"2013-03-02T00:56:25.356Z"}
{"level":"info","message":"|  findOne      i: 7","timestamp":"2013-03-02T00:56:25.356Z"}
{"level":"info","message":"pendingU: {\"userId\":\"510776515fa820841a000003\",\"token\":\"kmk4db2i\",\"_id\":\"510776515fa820841a000004\",\"__v\":0,\"created\":\"2013-01-29T07:12:17.766Z\",\"userName\":\"sean@seanS.com\"}","timestamp":"2013-03-02T00:56:25.356Z"}
{"level":"info","message":"admin.addUserToResponseCollectionRequest","timestamp":"2013-03-02T00:56:25.356Z"}
{"level":"info","message":"|  findOne      i: 7","timestamp":"2013-03-02T00:56:25.356Z"}
{"level":"info","message":"pendingU: {\"userId\":\"510776515fa820841a000003\",\"token\":\"kmk4db2i\",\"_id\":\"510776515fa820841a000004\",\"__v\":0,\"created\":\"2013-01-29T07:12:17.766Z\",\"userName\":\"adminsf1@beachair.ca\"}","timestamp":"2013-03-02T00:56:25.357Z"}
{"level":"info","message":"admin.addUserToResponseCollectionRequest","timestamp":"2013-03-02T00:56:25.357Z"}
{"level":"info","message":"|  findOne      i: 7","timestamp":"2013-03-02T00:56:25.357Z"}
{"level":"info","message":"pendingU: {\"userId\":\"510776515fa820841a000003\",\"token\":\"kmk4db2i\",\"_id\":\"510776515fa820841a000004\",\"__v\":0,\"created\":\"2013-01-29T07:12:17.766Z\",\"userName\":\"sean@seanG.com\"}","timestamp":"2013-03-02T00:56:25.357Z"}
{"level":"info","message":"admin.addUserToResponseCollectionRequest","timestamp":"2013-03-02T00:56:25.358Z"}
{"level":"info","message":"|  findOne      i: 7","timestamp":"2013-03-02T00:56:25.358Z"}
{"level":"info","message":"pendingU: {\"userId\":\"510776515fa820841a000003\",\"token\":\"kmk4db2i\",\"_id\":\"510776515fa820841a000004\",\"__v\":0,\"created\":\"2013-01-29T07:12:17.766Z\",\"userName\":\"seanbrookes@beachair.ca\"}","timestamp":"2013-03-02T00:56:25.359Z"}
{"level":"info","message":"admin.addUserToResponseCollectionRequest","timestamp":"2013-03-02T00:56:25.359Z"}
{"level":"info","message":"|  findOne      i: 7","timestamp":"2013-03-02T00:56:25.359Z"}
{"level":"info","message":"pendingU: {\"userId\":\"510776515fa820841a000003\",\"token\":\"kmk4db2i\",\"_id\":\"510776515fa820841a000004\",\"__v\":0,\"created\":\"2013-01-29T07:12:17.766Z\",\"userName\":\"sean@seanF.com\"}","timestamp":"2013-03-02T00:56:25.360Z"}
{"level":"info","message":"admin.addUserToResponseCollectionRequest","timestamp":"2013-03-02T00:56:25.360Z"}
